<?xml version="1.0" encoding="UTF-8"?>
<!-- Generated by org.testng.reporters.JUnitReportReporter -->
<testsuite hostname="GSK-QA-065" failures="0" tests="5" name="come.qa.testcases.Loginpagetest" time="0.013" errors="0" timestamp="2025-03-09T14:30:13 IST" skipped="0">
  <testcase classname="come.qa.testcases.Loginpagetest" name="verifydataDriverLogin" time="0.005"/>
  <testcase classname="come.qa.testcases.Loginpagetest" name="verifydataDriverLogin" time="0.003"/>
  <testcase classname="come.qa.testcases.Loginpagetest" name="verifydataDriverLogin" time="0.001"/>
  <testcase classname="come.qa.testcases.Loginpagetest" name="verifydataDriverLogin" time="0.001"/>
  <testcase classname="come.qa.testcases.Loginpagetest" name="verifydataDriverLogin" time="0.003"/>
</testsuite> <!-- come.qa.testcases.Loginpagetest -->
